<?xml version="1.0" encoding="UTF-8"?>
<!-- Generated by org.testng.reporters.JUnitReportReporter -->
<testsuite hostname="Dell-pc" failures="0" tests="4" name="Chromedriver1.pariotiesTestNg" time="0.023" errors="0" timestamp="2022-05-29T12:44:14 IST" skipped="0">
  <testcase classname="Chromedriver1.pariotiesTestNg" name="loginTest" time="0.013"/>
  <system-out/>
  <testcase classname="Chromedriver1.pariotiesTestNg" name="CreateAccountTest" time="0.002"/>
  <system-out/>
  <testcase classname="Chromedriver1.pariotiesTestNg" name="UpdateAccountTest" time="0.003"/>
  <system-out/>
  <testcase classname="Chromedriver1.pariotiesTestNg" name="LogoutTest" time="0.005"/>
  <system-out/>
</testsuite> <!-- Chromedriver1.pariotiesTestNg -->
