<?xml version="1.0" encoding="UTF-8"?>
<!-- Generated by org.testng.reporters.JUnitReportReporter -->
<testsuite hostname="Dell-pc" failures="0" tests="3" name="TestNgAnnotation.DisableTestNg" time="0.013" errors="0" timestamp="2022-06-29T16:19:16 IST" skipped="2">
  <testcase classname="TestNgAnnotation.DisableTestNg" name="Test1" time="0.013"/>
  <system-out/>
  <testcase classname="TestNgAnnotation.DisableTestNg" name="Test2">
    <skipped/>
  </testcase> <!-- Test2 -->
  <system-out/>
  <testcase classname="TestNgAnnotation.DisableTestNg" name="Test3">
    <skipped/>
  </testcase> <!-- Test3 -->
  <system-out/>
</testsuite> <!-- TestNgAnnotation.DisableTestNg -->
