<?xml version="1.0" encoding="UTF-8"?>
<!-- Generated by org.testng.reporters.JUnitReportReporter -->
<testsuite hostname="Dell-pc" failures="0" tests="1" name="Chromedriver1.DemoTest" time="0.027" errors="0" timestamp="2022-05-29T00:27:57 IST" skipped="0">
  <testcase classname="Chromedriver1.DemoTest" name="test" time="0.027"/>
  <system-out/>
</testsuite> <!-- Chromedriver1.DemoTest -->
