<?xml version="1.0" encoding="UTF-8"?>
<!-- Generated by org.testng.reporters.JUnitReportReporter -->
<testsuite hostname="Dell-pc" failures="0" tests="4" name="Chromedriver1.TestNgDefaultExecutionorder" time="0.025" errors="0" timestamp="2022-05-29T12:38:58 IST" skipped="0">
  <testcase classname="Chromedriver1.TestNgDefaultExecutionorder" name="LogoutTest" time="0.005"/>
  <system-out/>
  <testcase classname="Chromedriver1.TestNgDefaultExecutionorder" name="CreateAccountTest" time="0.014"/>
  <system-out/>
  <testcase classname="Chromedriver1.TestNgDefaultExecutionorder" name="UpdateAccountTest" time="0.002"/>
  <system-out/>
  <testcase classname="Chromedriver1.TestNgDefaultExecutionorder" name="LoginTest" time="0.004"/>
  <system-out/>
</testsuite> <!-- Chromedriver1.TestNgDefaultExecutionorder -->
