<?xml version="1.0" encoding="UTF-8"?>
<!-- Generated by org.testng.reporters.JUnitReportReporter -->
<testsuite hostname="Dell-pc" failures="0" tests="1" name="chromedriver.FlunitWait" time="22.694" errors="0" timestamp="2022-05-29T00:09:32 IST" skipped="0">
  <testcase classname="chromedriver.FlunitWait" name="FluntWait" time="22.694"/>
  <system-out/>
</testsuite> <!-- chromedriver.FlunitWait -->
