<?xml version="1.0" encoding="UTF-8"?>
<!-- Generated by org.testng.reporters.JUnitReportReporter -->
<testsuite hostname="Dell-pc" failures="0" tests="3" name="TestNgAnnotation.DependsOnTestNg" time="0.016" errors="0" timestamp="2022-05-31T15:33:14 IST" skipped="0">
  <testcase classname="TestNgAnnotation.DependsOnTestNg" name="CreateAccountTest" time="0.001"/>
  <system-out/>
  <testcase classname="TestNgAnnotation.DependsOnTestNg" name="LogoutTest" time="0.002"/>
  <system-out/>
  <testcase classname="TestNgAnnotation.DependsOnTestNg" name="loginTest" time="0.013"/>
  <system-out/>
</testsuite> <!-- TestNgAnnotation.DependsOnTestNg -->
