<?xml version="1.0" encoding="UTF-8"?>
<!-- Generated by org.testng.reporters.JUnitReportReporter -->
<testsuite hostname="Dell-pc" failures="0" tests="1" name="SynchronizationInWaits.impliciteswait" time="32.671" errors="0" timestamp="2022-06-30T14:01:56 IST" skipped="0">
  <testcase classname="SynchronizationInWaits.impliciteswait" name="waitselenium" time="32.671"/>
  <system-out/>
</testsuite> <!-- SynchronizationInWaits.impliciteswait -->
