<?xml version="1.0" encoding="UTF-8"?>
<!-- Generated by org.testng.reporters.JUnitReportReporter -->
<testsuite hostname="Dell-pc" failures="0" tests="2" name="Chromedriver1.TestNgAnnotation" time="0.012" errors="0" timestamp="2022-05-29T12:29:35 IST" skipped="0">
  <testcase classname="Chromedriver1.TestNgAnnotation" name="test" time="0.008"/>
  <system-out/>
  <testcase classname="Chromedriver1.TestNgAnnotation" name="test1" time="0.004"/>
  <system-out/>
</testsuite> <!-- Chromedriver1.TestNgAnnotation -->
