<?xml version="1.0" encoding="UTF-8"?>
<!-- Generated by org.testng.reporters.JUnitReportReporter -->
<testsuite hostname="Dell-pc" failures="0" tests="3" name="Action.Practies" time="0.017" errors="0" timestamp="2022-06-29T16:38:21 IST" skipped="0">
  <testcase classname="Action.Practies" name="LogoutTest" time="0.002"/>
  <system-out/>
  <testcase classname="Action.Practies" name="CreatedAccount" time="0.002"/>
  <system-out/>
  <testcase classname="Action.Practies" name="LoginTest" time="0.013"/>
  <system-out/>
</testsuite> <!-- Action.Practies -->
