<?xml version="1.0" encoding="UTF-8"?>
<!-- Generated by org.testng.reporters.JUnitReportReporter -->
<testsuite hostname="Dell-pc" failures="0" tests="3" name="Chromedriver1.DependsOnTestNg" time="0.017" errors="0" timestamp="2022-05-29T12:54:48 IST" skipped="0">
  <testcase classname="Chromedriver1.DependsOnTestNg" name="LogoutTest" time="0.002"/>
  <system-out/>
  <testcase classname="Chromedriver1.DependsOnTestNg" name="CreateAccountTest" time="0.002"/>
  <system-out/>
  <testcase classname="Chromedriver1.DependsOnTestNg" name="loginTest" time="0.013"/>
  <system-out/>
</testsuite> <!-- Chromedriver1.DependsOnTestNg -->
