<?xml version="1.0" encoding="UTF-8"?>
<!-- Generated by org.testng.reporters.JUnitReportReporter -->
<testsuite hostname="Dell-pc" failures="0" tests="4" name="TestNgAnnotation.TestNgDefaultExecutionorder" time="0.022" errors="0" timestamp="2022-06-29T16:35:28 IST" skipped="0">
  <testcase classname="TestNgAnnotation.TestNgDefaultExecutionorder" name="CreateAccountTest" time="0.015"/>
  <system-out/>
  <testcase classname="TestNgAnnotation.TestNgDefaultExecutionorder" name="LoginTest" time="0.003"/>
  <system-out/>
  <testcase classname="TestNgAnnotation.TestNgDefaultExecutionorder" name="UpdateAccountTest" time="0.002"/>
  <system-out/>
  <testcase classname="TestNgAnnotation.TestNgDefaultExecutionorder" name="LogoutTest" time="0.002"/>
  <system-out/>
</testsuite> <!-- TestNgAnnotation.TestNgDefaultExecutionorder -->
