<?xml version="1.0" encoding="UTF-8"?>
<!-- Generated by org.testng.reporters.JUnitReportReporter -->
<testsuite hostname="Dell-pc" failures="0" tests="1" name="SynchronizationInWaits.Explcitlywait" time="8.986" errors="0" timestamp="2022-06-30T14:02:58 IST" skipped="0">
  <testcase classname="SynchronizationInWaits.Explcitlywait" name="waitSelinium" time="8.986"/>
  <system-out/>
</testsuite> <!-- SynchronizationInWaits.Explcitlywait -->
