<?xml version="1.0" encoding="UTF-8"?>
<!-- Generated by org.testng.reporters.JUnitReportReporter -->
<testsuite hostname="Dell-pc" failures="0" tests="1" name="TestNgAnnotation.ParemeterTestNg" time="0.013" errors="0" timestamp="2022-06-29T16:28:31 IST" skipped="0">
  <testcase classname="TestNgAnnotation.ParemeterTestNg" name="loginTest" time="0.013"/>
  <system-out/>
</testsuite> <!-- TestNgAnnotation.ParemeterTestNg -->
