<?xml version="1.0" encoding="UTF-8"?>
<!-- Generated by org.testng.reporters.JUnitReportReporter -->
<testsuite hostname="Dell-pc" failures="0" tests="1" name="chromedriver.impliciteswait" time="33.761" errors="0" timestamp="2022-05-28T23:26:07 IST" skipped="0">
  <testcase classname="chromedriver.impliciteswait" name="waitselenium" time="33.761"/>
  <system-out/>
</testsuite> <!-- chromedriver.impliciteswait -->
