<?xml version="1.0" encoding="UTF-8"?>
<!-- Generated by org.testng.reporters.JUnitReportReporter -->
<testsuite hostname="Dell-pc" failures="0" tests="1" name="Chromedriver1.ParemeterTestNg" time="0.013" errors="0" timestamp="2022-05-29T14:30:00 IST" skipped="0">
  <testcase classname="Chromedriver1.ParemeterTestNg" name="loginTest" time="0.013"/>
  <system-out/>
</testsuite> <!-- Chromedriver1.ParemeterTestNg -->
