<?xml version="1.0" encoding="UTF-8"?>
<!-- Generated by org.testng.reporters.JUnitReportReporter -->
<testsuite hostname="Dell-pc" failures="0" tests="3" name="Chromedriver1.GrouptestNgTest" time="0.036" errors="0" timestamp="2022-05-29T13:03:24 IST" skipped="0">
  <testcase classname="Chromedriver1.GrouptestNgTest" name="CreateAccountTest" time="0.027"/>
  <system-out/>
  <testcase classname="Chromedriver1.GrouptestNgTest" name="register" time="0.004"/>
  <system-out/>
  <testcase classname="Chromedriver1.GrouptestNgTest" name="loginTest" time="0.005"/>
  <system-out/>
</testsuite> <!-- Chromedriver1.GrouptestNgTest -->
