<?xml version="1.0" encoding="UTF-8"?>
<!-- Generated by org.testng.reporters.JUnitReportReporter -->
<testsuite hostname="Dell-pc" failures="0" tests="3" name="Chromedriver1.DisableTestNg" time="0.015" errors="0" timestamp="2022-06-25T08:54:50 IST" skipped="1">
  <testcase classname="Chromedriver1.DisableTestNg" name="Test3" time="0.003"/>
  <system-out/>
  <testcase classname="Chromedriver1.DisableTestNg" name="Test1" time="0.012"/>
  <system-out/>
  <testcase classname="Chromedriver1.DisableTestNg" name="Test2">
    <skipped/>
  </testcase> <!-- Test2 -->
  <system-out/>
</testsuite> <!-- Chromedriver1.DisableTestNg -->
