<?xml version="1.0" encoding="UTF-8"?>
<!-- Generated by org.testng.reporters.JUnitReportReporter -->
<testsuite hostname="Dell-pc" failures="0" tests="1" name="chromedriver.waitinselenium" time="54.643" errors="0" timestamp="2022-05-28T22:36:10 IST" skipped="0">
  <testcase classname="chromedriver.waitinselenium" name="waitInselenium" time="54.643"/>
  <system-out/>
</testsuite> <!-- chromedriver.waitinselenium -->
