<?xml version="1.0" encoding="UTF-8"?>
<!-- Generated by org.testng.reporters.JUnitReportReporter -->
<testsuite hostname="Dell-pc" failures="0" tests="3" name="TestNgAnnotation.GrouptestNgTest" time="0.021" errors="0" timestamp="2022-06-29T16:22:47 IST" skipped="0">
  <testcase classname="TestNgAnnotation.GrouptestNgTest" name="register" time="0.006"/>
  <system-out/>
  <testcase classname="TestNgAnnotation.GrouptestNgTest" name="CreateAccountTest" time="0.013"/>
  <system-out/>
  <testcase classname="TestNgAnnotation.GrouptestNgTest" name="loginTest" time="0.002"/>
  <system-out/>
</testsuite> <!-- TestNgAnnotation.GrouptestNgTest -->
