<?xml version="1.0" encoding="UTF-8"?>
<!-- Generated by org.testng.reporters.JUnitReportReporter -->
<testsuite hostname="Dell-pc" failures="0" tests="1" name="chromedriver.Explcitlywait" time="11.685" errors="0" timestamp="2022-05-28T23:42:36 IST" skipped="0">
  <testcase classname="chromedriver.Explcitlywait" name="waitSelinium" time="11.685"/>
  <system-out/>
</testsuite> <!-- chromedriver.Explcitlywait -->
