<?xml version="1.0" encoding="UTF-8"?>
<!-- Generated by org.testng.reporters.JUnitReportReporter -->
<testsuite hostname="Dell-pc" failures="0" tests="4" name="Chromedriver1.DDTestNg" time="0.042" errors="0" timestamp="2022-05-29T14:41:02 IST" skipped="0">
  <testcase classname="Chromedriver1.DDTestNg" name="createTest" time="0.006"/>
  <system-out/>
  <testcase classname="Chromedriver1.DDTestNg" name="createTest" time="0.023"/>
  <system-out/>
  <testcase classname="Chromedriver1.DDTestNg" name="getData" time="0.010"/>
  <system-out/>
  <testcase classname="Chromedriver1.DDTestNg" name="getData" time="0.003"/>
  <system-out/>
</testsuite> <!-- Chromedriver1.DDTestNg -->
