<?xml version="1.0" encoding="UTF-8"?>
<!-- Generated by org.testng.reporters.JUnitReportReporter -->
<testsuite hostname="Dell-pc" failures="0" tests="2" name="TestNgAnnotation.TestNgAnnotation" time="0.081" errors="0" timestamp="2022-07-04T13:28:38 IST" skipped="0">
  <testcase classname="TestNgAnnotation.TestNgAnnotation" name="test2" time="0.043"/>
  <system-out/>
  <testcase classname="TestNgAnnotation.TestNgAnnotation" name="test1" time="0.038"/>
  <system-out/>
</testsuite> <!-- TestNgAnnotation.TestNgAnnotation -->
