<?xml version="1.0" encoding="UTF-8"?>
<!-- Generated by org.testng.reporters.JUnitReportReporter -->
<testsuite hostname="Dell-pc" failures="0" tests="2" name="TestNgAnnotation.pariotiesTestNg" time="0.017" errors="0" timestamp="2022-07-04T13:58:12 IST" skipped="0">
  <testcase classname="TestNgAnnotation.pariotiesTestNg" name="test" time="0.015"/>
  <system-out/>
  <testcase classname="TestNgAnnotation.pariotiesTestNg" name="loginTest" time="0.002"/>
  <system-out/>
</testsuite> <!-- TestNgAnnotation.pariotiesTestNg -->
