<?xml version="1.0" encoding="UTF-8"?>
<!-- Generated by org.testng.reporters.JUnitReportReporter -->
<testsuite hostname="Dell-pc" failures="0" tests="1" name="SynchronizationInWaits.FlunitWait" time="14.040" errors="0" timestamp="2022-06-30T14:04:14 IST" skipped="0">
  <testcase classname="SynchronizationInWaits.FlunitWait" name="FluntWait" time="14.040"/>
  <system-out/>
</testsuite> <!-- SynchronizationInWaits.FlunitWait -->
